Arguments: 
  /data/data/com.termux/files/usr/bin/node /data/data/com.termux/files/usr/share/yarn/bin/yarn.js publish

PATH: 
  /data/data/com.termux/files/home/bin:/data/data/com.termux/files/usr/bin

Yarn version: 
  1.22.15

Node version: 
  16.11.1

Platform: 
  android arm64

Trace: 
  Error: canceled
      at Interface.<anonymous> (/data/data/com.termux/files/usr/share/yarn/lib/cli.js:137145:13)
      at Interface.emit (node:events:390:28)
      at Interface._ttyWrite (node:readline:1081:16)
      at ReadStream.onkeypress (node:readline:288:10)
      at ReadStream.emit (node:events:390:28)
      at emitKeys (node:internal/readline/utils:358:14)
      at emitKeys.next (<anonymous>)
      at ReadStream.onData (node:internal/readline/emitKeypressEvents:61:36)
      at ReadStream.emit (node:events:390:28)
      at addChunk (node:internal/streams/readable:315:12)

npm manifest: 
  {
    "name": "truecallerjs",
    "version": "1.0.3",
    "description": "truecallerjs",
    "main": "index.js",
    "scripts": {
      "test": "node index.js login"
    },
    "bin": {
      "truecallerjs": "./bin/index.js"
    },
    "repository": {
      "type": "git",
      "url": "git+https://github.com/sumithemmadi/truecallerjs.git"
    },
    "keywords": [
      "truecaller",
      "number"
    ],
    "author": "sumithemmadi",
    "license": "MIT",
    "bugs": {
      "url": "https://github.com/sumithemmadi/truecallerjs/issues"
    },
    "homepage": "https://github.com/sumithemmadi/truecallerjs#readme",
    "dependencies": {
      "awesome-phonenumber": "^2.64.0",
      "axios": "^0.23.0",
      "colors": "^1.4.0",
      "randombytes": "^2.1.0",
      "readline-sync": "^1.4.10",
      "xml2js": "^0.4.23",
      "yargs": "^17.2.1"
    },
    "directories": {
      "lib": "lib"
    }
  }

yarn manifest: 
  No manifest

Lockfile: 
  No lockfile
